<?xml version="1.0" encoding="UTF-8"?>
<robot generator="Robot 3.1.1 (Python 3.7.0 on darwin)" generated="20190611 11:32:46.054" rpa="false">
<suite id="s1" name="Tests" source="/Users/djeong/PycharmProjects/regressionTest/rf-requests-test/Tests">
<suite id="s1-s1" name="Test" source="/Users/djeong/PycharmProjects/regressionTest/rf-requests-test/Tests/test.robot">
<test id="s1-s1-t1" name="Akamai Debug headers">
<kw name="Getedgeip" library="getStagingIP_FF">
<arguments>
<arg>${TEST_TARGET}</arg>
</arguments>
<assign>
<var>${edgeip}</var>
</assign>
<msg timestamp="20190611 11:32:46.321" level="INFO">${edgeip} = &lt;dns.resolver.Answer object at 0x109357160&gt;</msg>
<status status="PASS" starttime="20190611 11:32:46.212" endtime="20190611 11:32:46.321"></status>
</kw>
<kw name="Create Session" library="RequestsLibrary">
<doc>Create Session: create a HTTP session to a server</doc>
<arguments>
<arg>sess01</arg>
<arg>https://${edgeip[0]}</arg>
<arg>disable_warnings=1</arg>
</arguments>
<msg timestamp="20190611 11:32:46.322" level="INFO">Creating Session using : alias=sess01, url=https://23.210.203.40, headers={},                     cookies=None, auth=None, timeout=None, proxies=None, verify=False,                     debug=0 </msg>
<status status="PASS" starttime="20190611 11:32:46.321" endtime="20190611 11:32:46.322"></status>
</kw>
<kw name="Create Dictionary" library="BuiltIn">
<doc>Creates and returns a dictionary based on the given ``items``.</doc>
<arguments>
<arg>host=${TEST_TARGET}</arg>
<arg>Pragma=akamai-x-get-request-id,akamai-x-cache-on</arg>
</arguments>
<assign>
<var>${headers}</var>
</assign>
<msg timestamp="20190611 11:32:46.323" level="INFO">${headers} = {'host': 'www.samsung.com', 'Pragma': 'akamai-x-get-request-id,akamai-x-cache-on'}</msg>
<status status="PASS" starttime="20190611 11:32:46.323" endtime="20190611 11:32:46.323"></status>
</kw>
<kw name="Get Request" library="RequestsLibrary">
<doc>Send a GET request on the session object found using the
given `alias`</doc>
<arguments>
<arg>sess01</arg>
<arg>/</arg>
<arg>headers=${headers}</arg>
</arguments>
<assign>
<var>${resp}</var>
</assign>
<msg timestamp="20190611 11:32:46.571" level="INFO">Get Request using : alias=sess01, uri=/, headers={'host': 'www.samsung.com', 'Pragma': 'akamai-x-get-request-id,akamai-x-cache-on'} json=None</msg>
<msg timestamp="20190611 11:32:46.571" level="INFO">${resp} = &lt;Response [200]&gt;</msg>
<status status="PASS" starttime="20190611 11:32:46.324" endtime="20190611 11:32:46.571"></status>
</kw>
<kw name="Log" library="BuiltIn">
<doc>Logs the given message with the given level.</doc>
<arguments>
<arg>${resp.headers}</arg>
</arguments>
<msg timestamp="20190611 11:32:46.572" level="INFO">{'Accept-Ranges': 'bytes', 'Content-Encoding': 'gzip', 'Content-Type': 'text/html; charset=UTF-8', 'ETag': 'W/"26eee-58b01ab3a1de3-gzip"', 'Last-Modified': 'Tue, 11 Jun 2019 00:49:27 GMT', 'Vary': 'Accept-Encoding', 'X-Frame-Options': 'SAMEORIGIN', 'X-Akamai-Transformed': '9 - 0 pmb=mRUM,3', 'Date': 'Tue, 11 Jun 2019 02:32:46 GMT', 'Content-Length': '26061', 'X-Cache': 'TCP_HIT from a23-210-203-36.deploy.akamaitechnologies.com (AkamaiGHost/9.7.0.3-26197600) (-)', 'Connection': 'keep-alive', 'Set-Cookie': 'device_type=pc; path=/; domain=.samsung.com', 'Server-Timing': 'cdn-cache; desc=HIT, edge; dur=5', 'X-Akamai-Request-ID': '9ce4a7c'}</msg>
<status status="PASS" starttime="20190611 11:32:46.572" endtime="20190611 11:32:46.572"></status>
</kw>
<kw name="Get From Dictionary" library="Collections">
<doc>Returns a value from the given ``dictionary`` based on the given ``key``.</doc>
<arguments>
<arg>${resp.headers}</arg>
<arg>X-Akamai-Request-ID</arg>
</arguments>
<assign>
<var>${AkamaiDebugInfo_ReqInfo}</var>
</assign>
<msg timestamp="20190611 11:32:46.573" level="INFO">${AkamaiDebugInfo_ReqInfo} = 9ce4a7c</msg>
<status status="PASS" starttime="20190611 11:32:46.572" endtime="20190611 11:32:46.573"></status>
</kw>
<kw name="Get From Dictionary" library="Collections">
<doc>Returns a value from the given ``dictionary`` based on the given ``key``.</doc>
<arguments>
<arg>${resp.headers}</arg>
<arg>X-Cache</arg>
</arguments>
<assign>
<var>${AkamaiDebugInfo_CacheInfo}</var>
</assign>
<msg timestamp="20190611 11:32:46.573" level="INFO">${AkamaiDebugInfo_CacheInfo} = TCP_HIT from a23-210-203-36.deploy.akamaitechnologies.com (AkamaiGHost/9.7.0.3-26197600) (-)</msg>
<status status="PASS" starttime="20190611 11:32:46.573" endtime="20190611 11:32:46.573"></status>
</kw>
<kw name="Should Not Be Empty" library="BuiltIn">
<doc>Verifies that the given item is not empty.</doc>
<arguments>
<arg>${AkamaiDebugInfo_ReqInfo}</arg>
<arg>${AkamaiDebugInfo_CacheInfo}</arg>
</arguments>
<msg timestamp="20190611 11:32:46.574" level="INFO">Length is 7</msg>
<status status="PASS" starttime="20190611 11:32:46.574" endtime="20190611 11:32:46.574"></status>
</kw>
<tags>
<tag>DEBUG</tag>
</tags>
<status status="PASS" starttime="20190611 11:32:46.211" endtime="20190611 11:32:46.574" critical="yes"></status>
</test>
<doc>test</doc>
<status status="PASS" starttime="20190611 11:32:46.087" endtime="20190611 11:32:46.575"></status>
</suite>
<status status="PASS" starttime="20190611 11:32:46.056" endtime="20190611 11:32:46.576"></status>
</suite>
<statistics>
<total>
<stat pass="1" fail="0">Critical Tests</stat>
<stat pass="1" fail="0">All Tests</stat>
</total>
<tag>
<stat pass="1" fail="0">DEBUG</stat>
</tag>
<suite>
<stat pass="1" fail="0" id="s1" name="Tests">Tests</stat>
<stat pass="1" fail="0" id="s1-s1" name="Test">Tests.Test</stat>
</suite>
</statistics>
<errors>
</errors>
</robot>
