<?xml version="1.0" encoding="UTF-8"?>
<robot generator="Robot 3.1.1 (Python 3.7.0 on darwin)" generated="20190610 20:45:19.228" rpa="false">
<suite id="s1" name="Test" source="/Users/djeong/PycharmProjects/regressionTest/rf-requests-test/test.robot">
<test id="s1-t1" name="Akamai Debug headers">
<kw name="Create Session" library="RequestsLibrary">
<doc>Create Session: create a HTTP session to a server</doc>
<arguments>
<arg>sess01</arg>
<arg>https://${TEST_TARGET}</arg>
<arg>disable_warnings=1</arg>
</arguments>
<msg timestamp="20190610 20:45:19.341" level="INFO">Creating Session using : alias=sess01, url=https://www.coupang.com, headers={},                     cookies=None, auth=None, timeout=None, proxies=None, verify=False,                     debug=0 </msg>
<status status="PASS" starttime="20190610 20:45:19.340" endtime="20190610 20:45:19.341"></status>
</kw>
<kw name="Create Dictionary" library="BuiltIn">
<doc>Creates and returns a dictionary based on the given ``items``.</doc>
<arguments>
<arg>host=${TEST_TARGET}</arg>
<arg>Pragma=akamai-x-get-request-id,akamai-x-cache-on</arg>
</arguments>
<assign>
<var>${headers}</var>
</assign>
<msg timestamp="20190610 20:45:19.342" level="INFO">${headers} = {'host': 'www.coupang.com', 'Pragma': 'akamai-x-get-request-id,akamai-x-cache-on'}</msg>
<status status="PASS" starttime="20190610 20:45:19.341" endtime="20190610 20:45:19.342"></status>
</kw>
<kw name="Get Request" library="RequestsLibrary">
<doc>Send a GET request on the session object found using the
given `alias`</doc>
<arguments>
<arg>sess01</arg>
<arg>/</arg>
<arg>headers=${headers}</arg>
</arguments>
<assign>
<var>${resp}</var>
</assign>
<msg timestamp="20190610 20:45:20.102" level="INFO">Get Request using : alias=sess01, uri=/, headers={'host': 'www.coupang.com', 'Pragma': 'akamai-x-get-request-id,akamai-x-cache-on'} json=None</msg>
<msg timestamp="20190610 20:45:20.102" level="INFO">${resp} = &lt;Response [200]&gt;</msg>
<status status="PASS" starttime="20190610 20:45:19.342" endtime="20190610 20:45:20.102"></status>
</kw>
<kw name="Get From Dictionary" library="Collections">
<doc>Returns a value from the given ``dictionary`` based on the given ``key``.</doc>
<arguments>
<arg>${resp.headers}</arg>
<arg>X-Akamai-Request-ID</arg>
</arguments>
<assign>
<var>${AkamaiDebugInfo_ReqInfo}</var>
</assign>
<msg timestamp="20190610 20:45:20.103" level="INFO">${AkamaiDebugInfo_ReqInfo} = 1de0c8f5.ec64f82</msg>
<status status="PASS" starttime="20190610 20:45:20.102" endtime="20190610 20:45:20.103"></status>
</kw>
<kw name="Get From Dictionary" library="Collections">
<doc>Returns a value from the given ``dictionary`` based on the given ``key``.</doc>
<arguments>
<arg>${resp.headers}</arg>
<arg>X-Cache</arg>
</arguments>
<assign>
<var>${AkamaiDebugInfo_CacheInfo}</var>
</assign>
<msg timestamp="20190610 20:45:20.104" level="INFO">${AkamaiDebugInfo_CacheInfo} = TCP_MISS from a23-194-201-21.deploy.akamaitechnologies.com (AkamaiGHost/9.7.0.3-26197600) (-)</msg>
<status status="PASS" starttime="20190610 20:45:20.103" endtime="20190610 20:45:20.104"></status>
</kw>
<kw name="Should Not Be Empty" library="BuiltIn">
<doc>Verifies that the given item is not empty.</doc>
<arguments>
<arg>${AkamaiDebugInfo_ReqInfo}</arg>
<arg>${AkamaiDebugInfo_CacheInfo}</arg>
</arguments>
<msg timestamp="20190610 20:45:20.104" level="INFO">Length is 16</msg>
<status status="PASS" starttime="20190610 20:45:20.104" endtime="20190610 20:45:20.105"></status>
</kw>
<tags>
<tag>DEBUG</tag>
</tags>
<status status="PASS" starttime="20190610 20:45:19.340" endtime="20190610 20:45:20.105" critical="yes"></status>
</test>
<doc>test</doc>
<status status="PASS" starttime="20190610 20:45:19.229" endtime="20190610 20:45:20.105"></status>
</suite>
<statistics>
<total>
<stat pass="1" fail="0">Critical Tests</stat>
<stat pass="1" fail="0">All Tests</stat>
</total>
<tag>
<stat pass="1" fail="0">DEBUG</stat>
</tag>
<suite>
<stat pass="1" fail="0" id="s1" name="Test">Test</stat>
</suite>
</statistics>
<errors>
</errors>
</robot>
